[2026-02-13 23:01:09,074: INFO: main: -------------> stage Data Ingestion Stage started <------------------]
[2026-02-13 23:01:09,142: INFO: common: yaml file: config\config.yaml loaded successfully]
[2026-02-13 23:01:09,144: INFO: common: yaml file: params.yaml loaded successfully]
[2026-02-13 23:01:09,146: ERROR: main: yaml file is empty]
Traceback (most recent call last):
  File "D:\End-to-End-Housing-Price-Prediction-Model\src\datascience\utils\common.py", line 31, in read_yaml
    return ConfigBox(content)
  File "box\\box.py", line 295, in box.box.Box.__init__
box.exceptions.BoxValueError: First argument must be mapping or iterable

During handling of the above exception, another exception occurred:

Traceback (most recent call last):
  File "D:\End-to-End-Housing-Price-Prediction-Model\main.py", line 16, in <module>
    data_ingestion.initiate_data_ingestion()
  File "D:\End-to-End-Housing-Price-Prediction-Model\src\datascience\pipeline\data_ingestion_pipeline.py", line 12, in initiate_data_ingestion
    config=ConfigurationManager()
  File "D:\End-to-End-Housing-Price-Prediction-Model\src\datascience\config\configuration.py", line 15, in __init__
    self.params=read_yaml(params_filepath)
  File "D:\End-to-End-Housing-Price-Prediction-Model\venv\lib\site-packages\ensure\main.py", line 872, in __call__
    return_val = self.f(*args, **kwargs)
  File "D:\End-to-End-Housing-Price-Prediction-Model\src\datascience\utils\common.py", line 33, in read_yaml
    raise ValueError("yaml file is empty")
ValueError: yaml file is empty
[2026-02-13 23:02:34,710: INFO: main: -------------> stage Data Ingestion Stage started <------------------]
[2026-02-13 23:02:34,712: INFO: common: yaml file: config\config.yaml loaded successfully]
[2026-02-13 23:02:34,713: INFO: common: yaml file: params.yaml loaded successfully]
[2026-02-13 23:02:34,714: INFO: common: yaml file: schema.yaml loaded successfully]
[2026-02-13 23:02:34,715: INFO: common: created directory at: artifacts]
[2026-02-13 23:02:34,734: INFO: common: created directory at: artifacts/data_ingestion]
[2026-02-13 23:02:37,105: INFO: main: -------------> stage Data Ingestion Stage completed <------------------]
[2026-02-14 01:12:42,857: INFO: main: -------------> stage Data Transformation Stage started <------------------]
[2026-02-14 01:12:42,874: ERROR: main: 'DataTransformationTrainingPipeline' object has no attribute 'initiate_data_ingestion']
Traceback (most recent call last):
  File "D:\End-to-End-Housing-Price-Prediction-Model\main.py", line 13, in <module>
    data_ingestion.initiate_data_ingestion()
AttributeError: 'DataTransformationTrainingPipeline' object has no attribute 'initiate_data_ingestion'
[2026-02-14 01:13:31,392: INFO: main: -------------> stage Data Transformation Stage started <------------------]
[2026-02-14 01:13:31,396: INFO: common: yaml file: config\config.yaml loaded successfully]
[2026-02-14 01:13:31,433: INFO: common: yaml file: params.yaml loaded successfully]
[2026-02-14 01:13:31,434: INFO: common: yaml file: schema.yaml loaded successfully]
[2026-02-14 01:13:31,435: INFO: common: created directory at: artifacts]
[2026-02-14 01:13:31,436: INFO: common: created directory at: artifacts/data_transformation]
[2026-02-14 01:13:37,913: INFO: data_transformation: Loaded raw data: (884092, 39)]
[2026-02-14 01:13:43,795: INFO: data_transformation: Pre-processing complete. Shape for splitting: (874206, 41)]
[2026-02-14 01:14:20,285: INFO: data_transformation: Transformation and Splitting successful!]
[2026-02-14 01:14:20,289: INFO: data_transformation: Final Counts -> Train: 576815, Eval: 148448, Holdout: 148943]
[2026-02-14 01:14:20,354: INFO: main: -------------> stage Data Transformation Stage completed <------------------]
[2026-02-14 02:21:07,503: INFO: main: -------------> stage Data Pre Processing Stage started <------------------]
[2026-02-14 02:21:07,537: INFO: common: yaml file: config\config.yaml loaded successfully]
[2026-02-14 02:21:07,565: INFO: common: yaml file: params.yaml loaded successfully]
[2026-02-14 02:21:07,566: INFO: common: yaml file: schema.yaml loaded successfully]
[2026-02-14 02:21:07,567: INFO: common: created directory at: artifacts]
[2026-02-14 02:21:07,567: INFO: common: created directory at: artifacts/data_preprocessing]
[2026-02-14 02:21:14,707: INFO: data_preprocessing: Calculating Zipcode frequencies from train set...]
[2026-02-14 02:21:14,881: INFO: data_preprocessing: Applying Target Encoding for city_full...]
[2026-02-14 02:21:15,729: INFO: data_preprocessing: Finalizing preprocessing for train dataset...]
[2026-02-14 02:21:36,613: INFO: data_preprocessing: Shape of train after dropping columns: (576815, 40)]
[2026-02-14 02:21:36,615: INFO: data_preprocessing: Finalizing preprocessing for eval dataset...]
[2026-02-14 02:21:42,776: INFO: data_preprocessing: Shape of eval after dropping columns: (148448, 40)]
[2026-02-14 02:21:42,777: INFO: data_preprocessing: Finalizing preprocessing for holdout dataset...]
[2026-02-14 02:21:48,142: INFO: data_preprocessing: Shape of holdout after dropping columns: (148943, 40)]
[2026-02-14 02:21:48,142: INFO: data_preprocessing: Data Preprocessing stage completed successfully.]
[2026-02-14 02:21:48,172: INFO: main: -------------> stage Data Pre Processing Stage completed <------------------]
[2026-02-14 13:05:29,615: INFO: main: -------------> stage Data Transformation Stage started <------------------]
[2026-02-14 13:05:29,685: INFO: common: yaml file: config\config.yaml loaded successfully]
[2026-02-14 13:05:29,711: INFO: common: yaml file: params.yaml loaded successfully]
[2026-02-14 13:05:29,712: INFO: common: yaml file: schema.yaml loaded successfully]
[2026-02-14 13:05:29,725: INFO: common: created directory at: artifacts]
[2026-02-14 13:05:29,727: INFO: common: created directory at: artifacts/data_transformation]
[2026-02-14 13:05:41,005: INFO: data_transformation: Loaded raw data: (884092, 39)]
[2026-02-14 13:05:50,850: INFO: data_transformation: Pre-processing complete. Shape for splitting: (874206, 41)]
[2026-02-14 13:06:28,105: INFO: data_transformation: Transformation and Splitting successful!]
[2026-02-14 13:06:28,105: INFO: data_transformation: Final Counts -> Train: 576815, Eval: 297391]
[2026-02-14 13:06:28,168: INFO: main: -------------> stage Data Transformation Stage completed <------------------]
[2026-02-14 15:42:23,536: INFO: main: -------------> stage Data Ingestion Stage started <------------------]
[2026-02-14 15:42:23,614: INFO: common: yaml file: config\config.yaml loaded successfully]
[2026-02-14 15:42:23,654: INFO: common: yaml file: params.yaml loaded successfully]
[2026-02-14 15:42:23,657: INFO: common: yaml file: schema.yaml loaded successfully]
[2026-02-14 15:42:23,666: INFO: common: created directory at: artifacts]
[2026-02-14 15:42:23,667: INFO: common: created directory at: artifacts/data_ingestion]
[2026-02-14 15:42:28,005: INFO: main: -------------> stage Data Ingestion Stage completed <------------------]
[2026-02-14 15:42:28,006: INFO: main: -------------> stage Data Transformation Stage started <------------------]
[2026-02-14 15:42:28,063: INFO: common: yaml file: config\config.yaml loaded successfully]
[2026-02-14 15:42:28,067: INFO: common: yaml file: params.yaml loaded successfully]
[2026-02-14 15:42:28,070: INFO: common: yaml file: schema.yaml loaded successfully]
[2026-02-14 15:42:28,072: INFO: common: created directory at: artifacts]
[2026-02-14 15:42:28,075: INFO: common: created directory at: artifacts/data_transformation]
[2026-02-14 15:42:39,687: INFO: data_transformation: Loaded raw data: (884092, 39)]
[2026-02-14 15:42:44,987: INFO: data_transformation: Saved city coordinates lookup to: artifacts/data_transformation\city_coords_lookup.csv]
[2026-02-14 15:42:46,624: INFO: data_transformation: Pre-processing complete. Shape for splitting: (874206, 41)]
[2026-02-14 15:43:23,747: INFO: data_transformation: Transformation and Splitting successful!]
[2026-02-14 15:43:23,748: INFO: data_transformation: Final Counts -> Train: 576815, Eval: 297391]
[2026-02-14 15:43:23,808: INFO: main: -------------> stage Data Transformation Stage completed <------------------]
[2026-02-14 15:43:23,808: INFO: main: -------------> stage Data Pre Processing Stage started <------------------]
[2026-02-14 15:43:23,849: INFO: common: yaml file: config\config.yaml loaded successfully]
[2026-02-14 15:43:23,877: INFO: common: yaml file: params.yaml loaded successfully]
[2026-02-14 15:43:23,878: INFO: common: yaml file: schema.yaml loaded successfully]
[2026-02-14 15:43:23,914: INFO: common: created directory at: artifacts]
[2026-02-14 15:43:23,915: INFO: common: created directory at: artifacts/data_preprocessing]
[2026-02-14 15:43:23,915: ERROR: main: DataPreProcessingConfig.__init__() got an unexpected keyword argument 'holdout_path']
Traceback (most recent call last):
  File "D:\End-to-End-Housing-Price-Prediction-Model\main.py", line 33, in <module>
    data_ingestion.initiate_data_preprocessing()
  File "D:\End-to-End-Housing-Price-Prediction-Model\src\datascience\pipeline\data_preprocessing_pipeline.py", line 13, in initiate_data_preprocessing
    data_preprocessing_config = config.get_data_preprocessing_config()
  File "D:\End-to-End-Housing-Price-Prediction-Model\src\datascience\config\configuration.py", line 47, in get_data_preprocessing_config
    data_preprocessing_config=DataPreProcessingConfig(
TypeError: DataPreProcessingConfig.__init__() got an unexpected keyword argument 'holdout_path'
[2026-02-14 15:45:14,530: INFO: main: -------------> stage Data Ingestion Stage started <------------------]
[2026-02-14 15:45:14,544: INFO: common: yaml file: config\config.yaml loaded successfully]
[2026-02-14 15:45:14,547: INFO: common: yaml file: params.yaml loaded successfully]
[2026-02-14 15:45:14,549: INFO: common: yaml file: schema.yaml loaded successfully]
[2026-02-14 15:45:14,550: INFO: common: created directory at: artifacts]
[2026-02-14 15:45:14,551: INFO: common: created directory at: artifacts/data_ingestion]
[2026-02-14 15:45:18,790: INFO: main: -------------> stage Data Ingestion Stage completed <------------------]
[2026-02-14 15:45:18,791: INFO: main: -------------> stage Data Transformation Stage started <------------------]
[2026-02-14 15:45:18,797: INFO: common: yaml file: config\config.yaml loaded successfully]
[2026-02-14 15:45:18,798: INFO: common: yaml file: params.yaml loaded successfully]
[2026-02-14 15:45:18,799: INFO: common: yaml file: schema.yaml loaded successfully]
[2026-02-14 15:45:18,799: INFO: common: created directory at: artifacts]
[2026-02-14 15:45:18,800: INFO: common: created directory at: artifacts/data_transformation]
[2026-02-14 15:45:25,549: INFO: data_transformation: Loaded raw data: (884092, 39)]
[2026-02-14 15:45:29,786: INFO: data_transformation: Saved city coordinates lookup to: artifacts/data_transformation\city_coords_lookup.csv]
[2026-02-14 15:45:30,462: INFO: data_transformation: Pre-processing complete. Shape for splitting: (874206, 41)]
[2026-02-14 15:46:04,375: INFO: data_transformation: Transformation and Splitting successful!]
[2026-02-14 15:46:04,376: INFO: data_transformation: Final Counts -> Train: 576815, Eval: 297391]
[2026-02-14 15:46:04,435: INFO: main: -------------> stage Data Transformation Stage completed <------------------]
[2026-02-14 15:46:04,435: INFO: main: -------------> stage Data Pre Processing Stage started <------------------]
[2026-02-14 15:46:04,440: INFO: common: yaml file: config\config.yaml loaded successfully]
[2026-02-14 15:46:04,442: INFO: common: yaml file: params.yaml loaded successfully]
[2026-02-14 15:46:04,443: INFO: common: yaml file: schema.yaml loaded successfully]
[2026-02-14 15:46:04,443: INFO: common: created directory at: artifacts]
[2026-02-14 15:46:04,444: INFO: common: created directory at: artifacts/data_preprocessing]
[2026-02-14 15:46:10,653: INFO: data_preprocessing: Calculating Zipcode frequencies from train set...]
[2026-02-14 15:46:10,825: INFO: data_preprocessing: Saved zipcode frequency pickle to: artifacts/data_preprocessing\zip_counts.pkl]
[2026-02-14 15:46:10,825: INFO: data_preprocessing: Finalizing preprocessing for train dataset...]
[2026-02-14 15:46:31,966: INFO: data_preprocessing: Shape of train after dropping columns: (576815, 39)]
[2026-02-14 15:46:31,967: INFO: data_preprocessing: Finalizing preprocessing for eval dataset...]
[2026-02-14 15:46:45,815: INFO: data_preprocessing: Shape of eval after dropping columns: (297391, 39)]
[2026-02-14 15:46:45,816: INFO: data_preprocessing: Data Preprocessing stage completed successfully.]
[2026-02-14 15:46:45,848: INFO: main: -------------> stage Data Pre Processing Stage completed <------------------]
[2026-02-14 15:46:45,849: INFO: main: -------------> stage Model Trainer Stage started <------------------]
[2026-02-14 15:46:45,856: INFO: common: yaml file: config\config.yaml loaded successfully]
[2026-02-14 15:46:45,857: INFO: common: yaml file: params.yaml loaded successfully]
[2026-02-14 15:46:45,857: INFO: common: yaml file: schema.yaml loaded successfully]
[2026-02-14 15:46:45,858: INFO: common: created directory at: artifacts]
[2026-02-14 15:46:45,859: INFO: common: created directory at: artifacts/model_trainer]
[2026-02-14 15:46:45,859: ERROR: main: 'ModelTrainer' object has no attribute 'initiate_model_training']
Traceback (most recent call last):
  File "D:\End-to-End-Housing-Price-Prediction-Model\main.py", line 44, in <module>
    data_ingestion.initiate_model_training()
  File "D:\End-to-End-Housing-Price-Prediction-Model\src\datascience\pipeline\model_trainer_pipeline.py", line 15, in initiate_model_training
    model_trainer.initiate_model_training()
AttributeError: 'ModelTrainer' object has no attribute 'initiate_model_training'
[2026-02-14 15:48:49,840: INFO: main: -------------> stage Model Trainer Stage started <------------------]
[2026-02-14 15:48:49,848: INFO: common: yaml file: config\config.yaml loaded successfully]
[2026-02-14 15:48:49,849: INFO: common: yaml file: params.yaml loaded successfully]
[2026-02-14 15:48:49,850: INFO: common: yaml file: schema.yaml loaded successfully]
[2026-02-14 15:48:49,850: INFO: common: created directory at: artifacts]
[2026-02-14 15:48:49,851: INFO: common: created directory at: artifacts/model_trainer]
[2026-02-14 16:02:56,643: INFO: main: -------------> stage Model Trainer Stage started <------------------]
[2026-02-14 16:02:56,663: INFO: common: yaml file: config\config.yaml loaded successfully]
[2026-02-14 16:02:56,664: INFO: common: yaml file: params.yaml loaded successfully]
[2026-02-14 16:02:56,665: INFO: common: yaml file: schema.yaml loaded successfully]
[2026-02-14 16:02:56,665: INFO: common: created directory at: artifacts]
[2026-02-14 16:02:56,665: INFO: common: created directory at: artifacts/model_trainer]
[2026-02-14 16:17:14,322: INFO: main: -------------> stage Model Trainer Stage started <------------------]
[2026-02-14 16:17:14,332: INFO: common: yaml file: config\config.yaml loaded successfully]
[2026-02-14 16:17:14,334: INFO: common: yaml file: params.yaml loaded successfully]
[2026-02-14 16:17:14,335: INFO: common: yaml file: schema.yaml loaded successfully]
[2026-02-14 16:17:14,336: INFO: common: created directory at: artifacts]
[2026-02-14 16:17:14,336: INFO: common: created directory at: artifacts/model_trainer]
[2026-02-14 16:19:23,506: INFO: main: -------------> stage Model Trainer Stage started <------------------]
[2026-02-14 16:19:23,513: INFO: common: yaml file: config\config.yaml loaded successfully]
[2026-02-14 16:19:23,515: INFO: common: yaml file: params.yaml loaded successfully]
[2026-02-14 16:19:23,517: INFO: common: yaml file: schema.yaml loaded successfully]
[2026-02-14 16:19:23,518: INFO: common: created directory at: artifacts]
[2026-02-14 16:19:23,518: INFO: common: created directory at: artifacts/model_trainer]
[2026-02-14 16:19:30,269: ERROR: model_trainer: Error in model_trainer: evaluate_models() missing 1 required positional argument: 'param']
[2026-02-14 16:19:30,269: ERROR: main: evaluate_models() missing 1 required positional argument: 'param']
Traceback (most recent call last):
  File "D:\End-to-End-Housing-Price-Prediction-Model\main.py", line 17, in <module>
    model_trainer.initiate_model_training()
  File "D:\End-to-End-Housing-Price-Prediction-Model\src\datascience\pipeline\model_trainer_pipeline.py", line 23, in initiate_model_training
    model_trainer.initiate_model_trainer()
  File "D:\End-to-End-Housing-Price-Prediction-Model\src\datascience\components\model_trainer.py", line 86, in initiate_model_trainer
    raise e
  File "D:\End-to-End-Housing-Price-Prediction-Model\src\datascience\components\model_trainer.py", line 49, in initiate_model_trainer
    model_report: dict = evaluate_models(
TypeError: evaluate_models() missing 1 required positional argument: 'param'
[2026-02-14 16:21:21,885: INFO: main: -------------> stage Model Trainer Stage started <------------------]
[2026-02-14 16:21:21,890: INFO: common: yaml file: config\config.yaml loaded successfully]
[2026-02-14 16:21:21,892: INFO: common: yaml file: params.yaml loaded successfully]
[2026-02-14 16:21:21,893: INFO: common: yaml file: schema.yaml loaded successfully]
[2026-02-14 16:21:21,894: INFO: common: created directory at: artifacts]
[2026-02-14 16:21:21,895: INFO: common: created directory at: artifacts/model_trainer]
[2026-02-14 16:22:36,892: INFO: model_trainer: Best model found: XGBRegressor with score: 0.9269064378975188]
[2026-02-14 16:22:37,680: INFO: main: -------------> stage Model Trainer Stage completed <------------------

x==========x]
[2026-02-14 16:46:33,670: INFO: _internal: [31m[1mWARNING: This is a development server. Do not use it in a production deployment. Use a production WSGI server instead.[0m
 * Running on all addresses (0.0.0.0)
 * Running on http://127.0.0.1:8080
 * Running on http://192.168.1.11:8080]
[2026-02-14 16:46:33,688: INFO: _internal: [33mPress CTRL+C to quit[0m]
[2026-02-14 16:47:32,453: INFO: _internal: 127.0.0.1 - - [14/Feb/2026 16:47:32] "GET / HTTP/1.1" 200 -]
[2026-02-14 16:47:33,186: INFO: _internal: 127.0.0.1 - - [14/Feb/2026 16:47:33] "[33mGET /favicon.ico HTTP/1.1[0m" 404 -]
[2026-02-14 16:47:39,397: INFO: _internal: 127.0.0.1 - - [14/Feb/2026 16:47:39] "GET /predictdata HTTP/1.1" 200 -]
[2026-02-14 16:59:33,793: ERROR: app: Exception on /predictdata [POST]]
Traceback (most recent call last):
  File "D:\End-to-End-Housing-Price-Prediction-Model\venv\lib\site-packages\flask\app.py", line 1511, in wsgi_app
    response = self.full_dispatch_request()
  File "D:\End-to-End-Housing-Price-Prediction-Model\venv\lib\site-packages\flask\app.py", line 919, in full_dispatch_request
    rv = self.handle_user_exception(e)
  File "D:\End-to-End-Housing-Price-Prediction-Model\venv\lib\site-packages\flask\app.py", line 917, in full_dispatch_request
    rv = self.dispatch_request()
  File "D:\End-to-End-Housing-Price-Prediction-Model\venv\lib\site-packages\flask\app.py", line 902, in dispatch_request
    return self.ensure_sync(self.view_functions[rule.endpoint])(**view_args)  # type: ignore[no-any-return]
  File "D:\End-to-End-Housing-Price-Prediction-Model\app.py", line 27, in predict_datapoint
    homes_sold=int(request.form.get('homes_sold')),
ValueError: invalid literal for int() with base 10: '14.0'
[2026-02-14 16:59:33,915: INFO: _internal: 127.0.0.1 - - [14/Feb/2026 16:59:33] "[35m[1mPOST /predictdata HTTP/1.1[0m" 500 -]
[2026-02-14 17:00:41,633: INFO: _internal: 192.168.1.11 - - [14/Feb/2026 17:00:41] "GET / HTTP/1.1" 200 -]
[2026-02-14 17:00:42,556: INFO: _internal: 192.168.1.11 - - [14/Feb/2026 17:00:42] "[33mGET /favicon.ico HTTP/1.1[0m" 404 -]
[2026-02-14 17:00:44,860: INFO: _internal: 192.168.1.11 - - [14/Feb/2026 17:00:44] "GET /predictdata HTTP/1.1" 200 -]
[2026-02-14 17:07:36,130: INFO: _internal: [31m[1mWARNING: This is a development server. Do not use it in a production deployment. Use a production WSGI server instead.[0m
 * Running on all addresses (0.0.0.0)
 * Running on http://127.0.0.1:8080
 * Running on http://192.168.1.11:8080]
[2026-02-14 17:07:36,132: INFO: _internal: [33mPress CTRL+C to quit[0m]
[2026-02-14 17:07:48,169: INFO: _internal: 127.0.0.1 - - [14/Feb/2026 17:07:48] "GET / HTTP/1.1" 200 -]
[2026-02-14 17:07:50,239: INFO: _internal: 127.0.0.1 - - [14/Feb/2026 17:07:50] "GET /predictdata HTTP/1.1" 200 -]
[2026-02-14 17:19:15,593: ERROR: app: Exception on /predictdata [POST]]
Traceback (most recent call last):
  File "D:\End-to-End-Housing-Price-Prediction-Model\venv\lib\site-packages\flask\app.py", line 1511, in wsgi_app
    response = self.full_dispatch_request()
  File "D:\End-to-End-Housing-Price-Prediction-Model\venv\lib\site-packages\flask\app.py", line 919, in full_dispatch_request
    rv = self.handle_user_exception(e)
  File "D:\End-to-End-Housing-Price-Prediction-Model\venv\lib\site-packages\flask\app.py", line 917, in full_dispatch_request
    rv = self.dispatch_request()
  File "D:\End-to-End-Housing-Price-Prediction-Model\venv\lib\site-packages\flask\app.py", line 902, in dispatch_request
    return self.ensure_sync(self.view_functions[rule.endpoint])(**view_args)  # type: ignore[no-any-return]
  File "D:\End-to-End-Housing-Price-Prediction-Model\app.py", line 27, in predict_datapoint
    homes_sold=int(request.form.get('homes_sold')),
ValueError: invalid literal for int() with base 10: '14.0'
[2026-02-14 17:19:15,630: INFO: _internal: 127.0.0.1 - - [14/Feb/2026 17:19:15] "[35m[1mPOST /predictdata HTTP/1.1[0m" 500 -]
[2026-02-14 17:22:59,638: INFO: _internal: [31m[1mWARNING: This is a development server. Do not use it in a production deployment. Use a production WSGI server instead.[0m
 * Running on all addresses (0.0.0.0)
 * Running on http://127.0.0.1:8080
 * Running on http://192.168.1.11:8080]
[2026-02-14 17:22:59,641: INFO: _internal: [33mPress CTRL+C to quit[0m]
[2026-02-14 17:22:59,830: INFO: _internal:  * Restarting with watchdog (windowsapi)]
[2026-02-14 17:23:05,103: WARNING: _internal:  * Debugger is active!]
[2026-02-14 17:23:05,457: INFO: _internal:  * Debugger PIN: 116-160-432]
[2026-02-14 17:23:21,135: INFO: _internal: 127.0.0.1 - - [14/Feb/2026 17:23:21] "GET / HTTP/1.1" 200 -]
[2026-02-14 17:23:23,524: INFO: _internal: 127.0.0.1 - - [14/Feb/2026 17:23:23] "GET /predictdata HTTP/1.1" 200 -]
[2026-02-14 17:27:12,734: INFO: _internal: 127.0.0.1 - - [14/Feb/2026 17:27:12] "[35m[1mPOST /predictdata HTTP/1.1[0m" 500 -]
[2026-02-14 17:27:15,939: INFO: _internal: 127.0.0.1 - - [14/Feb/2026 17:27:15] "GET /predictdata?__debugger__=yes&cmd=resource&f=style.css HTTP/1.1" 200 -]
[2026-02-14 17:27:16,410: INFO: _internal: 127.0.0.1 - - [14/Feb/2026 17:27:16] "GET /predictdata?__debugger__=yes&cmd=resource&f=debugger.js HTTP/1.1" 200 -]
[2026-02-14 17:27:16,930: INFO: _internal: 127.0.0.1 - - [14/Feb/2026 17:27:16] "GET /predictdata?__debugger__=yes&cmd=resource&f=console.png&s=6F7S1MWcf4ZypFzVS3UM HTTP/1.1" 200 -]
[2026-02-14 17:27:16,980: INFO: _internal: 127.0.0.1 - - [14/Feb/2026 17:27:16] "GET /predictdata?__debugger__=yes&cmd=resource&f=console.png HTTP/1.1" 200 -]
[2026-02-14 17:29:20,356: INFO: _internal:  * Detected change in 'D:\\End-to-End-Housing-Price-Prediction-Model\\app.py', reloading]
[2026-02-14 17:29:20,759: INFO: _internal:  * Restarting with watchdog (windowsapi)]
[2026-02-14 17:29:25,690: WARNING: _internal:  * Debugger is active!]
[2026-02-14 17:29:25,695: INFO: _internal:  * Debugger PIN: 116-160-432]
[2026-02-14 17:29:28,560: INFO: _internal:  * Detected change in 'D:\\End-to-End-Housing-Price-Prediction-Model\\app.py', reloading]
[2026-02-14 17:29:28,863: INFO: _internal:  * Restarting with watchdog (windowsapi)]
[2026-02-14 17:29:32,376: WARNING: _internal:  * Debugger is active!]
[2026-02-14 17:29:32,380: INFO: _internal:  * Debugger PIN: 116-160-432]
[2026-02-14 17:29:45,843: INFO: _internal:  * Detected change in 'D:\\End-to-End-Housing-Price-Prediction-Model\\app.py', reloading]
[2026-02-14 17:29:46,113: INFO: _internal:  * Restarting with watchdog (windowsapi)]
[2026-02-14 17:29:51,545: WARNING: _internal:  * Debugger is active!]
[2026-02-14 17:29:51,613: INFO: _internal:  * Debugger PIN: 116-160-432]
[2026-02-14 17:31:34,865: INFO: _internal: [31m[1mWARNING: This is a development server. Do not use it in a production deployment. Use a production WSGI server instead.[0m
 * Running on all addresses (0.0.0.0)
 * Running on http://127.0.0.1:8080
 * Running on http://192.168.1.11:8080]
[2026-02-14 17:31:34,865: INFO: _internal: [33mPress CTRL+C to quit[0m]
[2026-02-14 17:31:34,889: INFO: _internal:  * Restarting with watchdog (windowsapi)]
[2026-02-14 17:31:37,784: WARNING: _internal:  * Debugger is active!]
[2026-02-14 17:31:37,789: INFO: _internal:  * Debugger PIN: 116-160-432]
[2026-02-14 17:31:43,060: INFO: _internal: 127.0.0.1 - - [14/Feb/2026 17:31:43] "GET / HTTP/1.1" 200 -]
[2026-02-14 17:32:09,797: INFO: _internal: 127.0.0.1 - - [14/Feb/2026 17:32:09] "GET /predictdata HTTP/1.1" 200 -]
[2026-02-14 17:34:14,953: INFO: _internal: 127.0.0.1 - - [14/Feb/2026 17:34:14] "[35m[1mPOST /predictdata HTTP/1.1[0m" 500 -]
[2026-02-14 17:34:15,125: INFO: _internal: 127.0.0.1 - - [14/Feb/2026 17:34:15] "[36mGET /predictdata?__debugger__=yes&cmd=resource&f=style.css HTTP/1.1[0m" 304 -]
[2026-02-14 17:34:15,129: INFO: _internal: 127.0.0.1 - - [14/Feb/2026 17:34:15] "[36mGET /predictdata?__debugger__=yes&cmd=resource&f=debugger.js HTTP/1.1[0m" 304 -]
[2026-02-14 17:34:15,536: INFO: _internal: 127.0.0.1 - - [14/Feb/2026 17:34:15] "GET /predictdata?__debugger__=yes&cmd=resource&f=console.png&s=WbOkL2TVzVTNnSjkRyGh HTTP/1.1" 200 -]
[2026-02-14 17:34:15,588: INFO: _internal: 127.0.0.1 - - [14/Feb/2026 17:34:15] "[36mGET /predictdata?__debugger__=yes&cmd=resource&f=console.png HTTP/1.1[0m" 304 -]
[2026-02-14 17:36:38,716: INFO: main: -------------> stage Model Trainer Stage started <------------------]
[2026-02-14 17:36:38,762: INFO: common: yaml file: config\config.yaml loaded successfully]
[2026-02-14 17:36:38,788: INFO: common: yaml file: params.yaml loaded successfully]
[2026-02-14 17:36:38,792: INFO: common: yaml file: schema.yaml loaded successfully]
[2026-02-14 17:36:38,799: INFO: common: created directory at: artifacts]
[2026-02-14 17:36:38,800: INFO: common: created directory at: artifacts/model_trainer]
[2026-02-14 17:36:45,070: ERROR: model_trainer: Error in model_trainer: evaluate_models() missing 1 required positional argument: 'param']
[2026-02-14 17:36:45,071: ERROR: main: evaluate_models() missing 1 required positional argument: 'param']
Traceback (most recent call last):
  File "D:\End-to-End-Housing-Price-Prediction-Model\main.py", line 17, in <module>
  File "D:\End-to-End-Housing-Price-Prediction-Model\src\datascience\pipeline\model_trainer_pipeline.py", line 23, in initiate_model_training
    model_trainer.initiate_model_trainer()
  File "D:\End-to-End-Housing-Price-Prediction-Model\src\datascience\components\model_trainer.py", line 86, in initiate_model_trainer
    raise e
  File "D:\End-to-End-Housing-Price-Prediction-Model\src\datascience\components\model_trainer.py", line 49, in initiate_model_trainer
    model_report: dict = evaluate_models(
TypeError: evaluate_models() missing 1 required positional argument: 'param'
[2026-02-14 17:38:44,791: INFO: main: -------------> stage Model Trainer Stage started <------------------]
[2026-02-14 17:38:44,805: INFO: common: yaml file: config\config.yaml loaded successfully]
[2026-02-14 17:38:44,808: INFO: common: yaml file: params.yaml loaded successfully]
[2026-02-14 17:38:44,810: INFO: common: yaml file: schema.yaml loaded successfully]
[2026-02-14 17:38:44,811: INFO: common: created directory at: artifacts]
[2026-02-14 17:38:44,812: INFO: common: created directory at: artifacts/model_trainer]
[2026-02-14 17:39:46,688: INFO: model_trainer: Best model found: XGBRegressor with score: 0.9269064378975188]
[2026-02-14 17:39:47,214: INFO: main: -------------> stage Model Trainer Stage completed <------------------

x==========x]
[2026-02-14 17:41:39,808: INFO: _internal: [31m[1mWARNING: This is a development server. Do not use it in a production deployment. Use a production WSGI server instead.[0m
 * Running on all addresses (0.0.0.0)
 * Running on http://127.0.0.1:8080
 * Running on http://192.168.1.11:8080]
[2026-02-14 17:41:39,810: INFO: _internal: [33mPress CTRL+C to quit[0m]
[2026-02-14 17:41:40,045: INFO: _internal:  * Restarting with watchdog (windowsapi)]
[2026-02-14 17:41:45,068: WARNING: _internal:  * Debugger is active!]
[2026-02-14 17:41:45,752: INFO: _internal:  * Debugger PIN: 116-160-432]
[2026-02-14 17:41:46,350: INFO: _internal: 127.0.0.1 - - [14/Feb/2026 17:41:46] "GET / HTTP/1.1" 200 -]
[2026-02-14 17:41:58,409: INFO: _internal: 127.0.0.1 - - [14/Feb/2026 17:41:58] "GET /predictdata HTTP/1.1" 200 -]
[2026-02-14 17:44:29,363: INFO: _internal:  * Detected change in 'D:\\End-to-End-Housing-Price-Prediction-Model\\venv\\Lib\\site-packages\\xgboost\\core.py', reloading]
[2026-02-14 17:44:29,866: INFO: _internal:  * Restarting with watchdog (windowsapi)]
[2026-02-14 17:44:34,627: WARNING: _internal:  * Debugger is active!]
[2026-02-14 17:44:34,636: INFO: _internal:  * Debugger PIN: 116-160-432]
[2026-02-14 17:44:51,690: INFO: _internal: 127.0.0.1 - - [14/Feb/2026 17:44:51] "[35m[1mPOST /predictdata HTTP/1.1[0m" 500 -]
[2026-02-14 17:44:52,078: INFO: _internal: 127.0.0.1 - - [14/Feb/2026 17:44:52] "[36mGET /predictdata?__debugger__=yes&cmd=resource&f=debugger.js HTTP/1.1[0m" 304 -]
[2026-02-14 17:44:52,090: INFO: _internal: 127.0.0.1 - - [14/Feb/2026 17:44:52] "[36mGET /predictdata?__debugger__=yes&cmd=resource&f=style.css HTTP/1.1[0m" 304 -]
[2026-02-14 17:44:53,626: INFO: _internal: 127.0.0.1 - - [14/Feb/2026 17:44:53] "GET /predictdata?__debugger__=yes&cmd=resource&f=console.png&s=kUVe1m36IjSgCW2snvBL HTTP/1.1" 200 -]
[2026-02-14 17:44:53,781: INFO: _internal: 127.0.0.1 - - [14/Feb/2026 17:44:53] "[36mGET /predictdata?__debugger__=yes&cmd=resource&f=console.png HTTP/1.1[0m" 304 -]
[2026-02-14 18:01:07,929: INFO: _internal: [31m[1mWARNING: This is a development server. Do not use it in a production deployment. Use a production WSGI server instead.[0m
 * Running on all addresses (0.0.0.0)
 * Running on http://127.0.0.1:8080
 * Running on http://192.168.1.11:8080]
[2026-02-14 18:01:07,930: INFO: _internal: [33mPress CTRL+C to quit[0m]
[2026-02-14 18:01:07,985: INFO: _internal:  * Restarting with watchdog (windowsapi)]
[2026-02-14 18:01:09,677: WARNING: _internal:  * Debugger is active!]
[2026-02-14 18:01:09,685: INFO: _internal:  * Debugger PIN: 116-160-432]
[2026-02-14 18:01:33,850: INFO: _internal: 127.0.0.1 - - [14/Feb/2026 18:01:33] "GET / HTTP/1.1" 200 -]
[2026-02-14 18:04:25,548: INFO: _internal: 127.0.0.1 - - [14/Feb/2026 18:04:25] "GET /predictdata HTTP/1.1" 200 -]
[2026-02-14 18:06:36,457: ERROR: model_predict_pipeline: Prediction Error: "['Total Population', 'Median Age', 'Per Capita Income', 'Total Families Below Poverty', 'Total Housing Units', 'Median Rent', 'Median Home Value', 'Total Labor Force', 'Unemployed Population', 'Total School Age Population', 'Total School Enrollment', 'Median Commute Time'] not in index"]
[2026-02-14 18:06:36,504: INFO: _internal:  * Detected change in 'D:\\End-to-End-Housing-Price-Prediction-Model\\venv\\Lib\\site-packages\\flask\\app.py', reloading]
[2026-02-14 18:06:38,690: INFO: _internal:  * Restarting with watchdog (windowsapi)]
[2026-02-14 18:06:40,204: WARNING: _internal:  * Debugger is active!]
[2026-02-14 18:06:40,208: INFO: _internal:  * Debugger PIN: 116-160-432]
[2026-02-14 18:06:54,767: ERROR: model_predict_pipeline: Prediction Error: "['Total Population', 'Median Age', 'Per Capita Income', 'Total Families Below Poverty', 'Total Housing Units', 'Median Rent', 'Median Home Value', 'Total Labor Force', 'Unemployed Population', 'Total School Age Population', 'Total School Enrollment', 'Median Commute Time'] not in index"]
[2026-02-14 18:06:54,824: INFO: _internal:  * Detected change in 'D:\\End-to-End-Housing-Price-Prediction-Model\\venv\\Lib\\site-packages\\pandas\\core\\indexes\\base.py', reloading]
[2026-02-14 18:06:55,016: INFO: _internal:  * Restarting with watchdog (windowsapi)]
[2026-02-14 18:06:56,209: WARNING: _internal:  * Debugger is active!]
[2026-02-14 18:06:56,213: INFO: _internal:  * Debugger PIN: 116-160-432]
[2026-02-14 18:10:49,094: INFO: _internal:  * Detected change in 'D:\\End-to-End-Housing-Price-Prediction-Model\\app.py', reloading]
[2026-02-14 18:10:49,499: INFO: _internal:  * Restarting with watchdog (windowsapi)]
[2026-02-14 18:14:35,152: INFO: _internal: [31m[1mWARNING: This is a development server. Do not use it in a production deployment. Use a production WSGI server instead.[0m
 * Running on all addresses (0.0.0.0)
 * Running on http://127.0.0.1:8080
 * Running on http://192.168.1.11:8080]
[2026-02-14 18:14:35,152: INFO: _internal: [33mPress CTRL+C to quit[0m]
[2026-02-14 18:14:35,177: INFO: _internal:  * Restarting with watchdog (windowsapi)]
[2026-02-14 18:14:36,177: WARNING: _internal:  * Debugger is active!]
[2026-02-14 18:14:36,181: INFO: _internal:  * Debugger PIN: 116-160-432]
[2026-02-14 18:14:42,712: INFO: _internal: 192.168.1.11 - - [14/Feb/2026 18:14:42] "GET / HTTP/1.1" 200 -]
[2026-02-14 18:15:10,280: INFO: _internal: 192.168.1.11 - - [14/Feb/2026 18:15:10] "GET /predictdata HTTP/1.1" 200 -]
[2026-02-14 18:17:23,674: INFO: _internal: 192.168.1.11 - - [14/Feb/2026 18:17:23] "POST /predictdata HTTP/1.1" 200 -]
[2026-02-14 23:59:16,938: INFO: _internal: [31m[1mWARNING: This is a development server. Do not use it in a production deployment. Use a production WSGI server instead.[0m
 * Running on all addresses (0.0.0.0)
 * Running on http://127.0.0.1:8080
 * Running on http://192.168.1.11:8080]
[2026-02-14 23:59:16,958: INFO: _internal: [33mPress CTRL+C to quit[0m]
[2026-02-14 23:59:17,228: INFO: _internal:  * Restarting with watchdog (windowsapi)]
[2026-02-14 23:59:20,005: WARNING: _internal:  * Debugger is active!]
[2026-02-14 23:59:20,469: INFO: _internal:  * Debugger PIN: 116-160-432]
[2026-02-15 14:52:09,414: INFO: main: -------------> stage Data Ingestion Stage started <------------------]
[2026-02-15 14:52:09,497: INFO: common: yaml file: config\config.yaml loaded successfully]
[2026-02-15 14:52:09,551: INFO: common: yaml file: params.yaml loaded successfully]
[2026-02-15 14:52:09,555: INFO: common: yaml file: schema.yaml loaded successfully]
[2026-02-15 14:52:09,581: INFO: common: created directory at: artifacts]
[2026-02-15 14:52:09,620: INFO: common: created directory at: artifacts/data_ingestion]
[2026-02-15 14:52:09,634: ERROR: main: [Errno 22] Invalid argument: 'https://github.com/sakshipakhrot/End-to-End-Housing-Price-Prediction-Model/blob/main/Data_Set.zip']
Traceback (most recent call last):
  File "D:\End-to-End-Housing-Price-Prediction-Model\main.py", line 11, in <module>
    data_ingestion.initiate_data_ingestion()
  File "D:\End-to-End-Housing-Price-Prediction-Model\src\datascience\pipeline\data_ingestion_pipeline.py", line 15, in initiate_data_ingestion
    data_ingestion.extract_zip_file()
  File "D:\End-to-End-Housing-Price-Prediction-Model\src\datascience\components\data_ingestion.py", line 16, in extract_zip_file
    with zipfile.ZipFile(self.config.local_data_file, 'r') as zip_ref:
  File "D:\End-to-End-Housing-Price-Prediction-Model\venv\lib\zipfile.py", line 1240, in __init__
    self.fp = io.open(file, filemode)
OSError: [Errno 22] Invalid argument: 'https://github.com/sakshipakhrot/End-to-End-Housing-Price-Prediction-Model/blob/main/Data_Set.zip'
[2026-02-15 14:56:20,144: INFO: main: -------------> stage Data Ingestion Stage started <------------------]
[2026-02-15 14:56:20,153: INFO: common: yaml file: config\config.yaml loaded successfully]
[2026-02-15 14:56:20,160: INFO: common: yaml file: params.yaml loaded successfully]
[2026-02-15 14:56:20,161: INFO: common: yaml file: schema.yaml loaded successfully]
[2026-02-15 14:56:20,162: INFO: common: created directory at: artifacts]
[2026-02-15 14:56:20,162: INFO: common: created directory at: artifacts/data_ingestion]
[2026-02-15 14:56:21,659: INFO: main: -------------> stage Data Ingestion Stage completed <------------------]
[2026-02-15 14:58:03,004: INFO: main: -------------> stage Data Transformation Stage started <------------------]
[2026-02-15 14:58:03,082: INFO: common: yaml file: config\config.yaml loaded successfully]
[2026-02-15 14:58:03,093: INFO: common: yaml file: params.yaml loaded successfully]
[2026-02-15 14:58:03,096: INFO: common: yaml file: schema.yaml loaded successfully]
[2026-02-15 14:58:03,097: INFO: common: created directory at: artifacts]
[2026-02-15 14:58:03,099: INFO: common: created directory at: artifacts/data_transformation]
[2026-02-15 14:58:11,252: ERROR: data_transformation: Error in initiate_data_transformation: [Errno 2] No such file or directory: 'artifacts/data_ingestion/HouseTS.csv']
[2026-02-15 14:58:11,267: ERROR: main: [Errno 2] No such file or directory: 'artifacts/data_ingestion/HouseTS.csv']
Traceback (most recent call last):
  File "D:\End-to-End-Housing-Price-Prediction-Model\main.py", line 11, in <module>
    data_ingestion.initiate_data_transformation()
  File "D:\End-to-End-Housing-Price-Prediction-Model\src\datascience\pipeline\data_transformation_pipeline.py", line 15, in initiate_data_transformation
    data_transformation.data_transformation()
  File "D:\End-to-End-Housing-Price-Prediction-Model\src\datascience\components\data_transformation.py", line 110, in data_transformation
    raise e
  File "D:\End-to-End-Housing-Price-Prediction-Model\src\datascience\components\data_transformation.py", line 54, in data_transformation
    df = pd.read_parquet(self.config.data_path)
  File "D:\End-to-End-Housing-Price-Prediction-Model\venv\lib\site-packages\pandas\io\parquet.py", line 669, in read_parquet
    return impl.read(
  File "D:\End-to-End-Housing-Price-Prediction-Model\venv\lib\site-packages\pandas\io\parquet.py", line 258, in read
    path_or_handle, handles, filesystem = _get_path_or_handle(
  File "D:\End-to-End-Housing-Price-Prediction-Model\venv\lib\site-packages\pandas\io\parquet.py", line 141, in _get_path_or_handle
    handles = get_handle(
  File "D:\End-to-End-Housing-Price-Prediction-Model\venv\lib\site-packages\pandas\io\common.py", line 882, in get_handle
    handle = open(handle, ioargs.mode)
FileNotFoundError: [Errno 2] No such file or directory: 'artifacts/data_ingestion/HouseTS.csv'
[2026-02-15 15:02:16,077: INFO: main: -------------> stage Data Transformation Stage started <------------------]
[2026-02-15 15:02:16,098: INFO: common: yaml file: config\config.yaml loaded successfully]
[2026-02-15 15:02:16,101: INFO: common: yaml file: params.yaml loaded successfully]
[2026-02-15 15:02:16,109: INFO: common: yaml file: schema.yaml loaded successfully]
[2026-02-15 15:02:16,110: INFO: common: created directory at: artifacts]
[2026-02-15 15:02:16,111: INFO: common: created directory at: artifacts/data_transformation]
[2026-02-15 15:02:21,160: INFO: data_transformation: Loaded raw data: (298848, 39)]
[2026-02-15 15:02:23,556: INFO: data_transformation: Saved city coordinates lookup to: artifacts/data_transformation\city_coords_lookup.csv]
[2026-02-15 15:02:23,914: INFO: data_transformation: Pre-processing complete. Shape for splitting: (297391, 41)]
[2026-02-15 15:02:25,553: INFO: data_transformation: Transformation and Splitting successful!]
[2026-02-15 15:02:25,560: INFO: data_transformation: Final Counts -> Train: 222892, Eval: 74499]
[2026-02-15 15:02:25,569: INFO: main: -------------> stage Data Transformation Stage completed <------------------]
[2026-02-15 15:03:27,803: INFO: main: -------------> stage Data Pre Processing Stage started <------------------]
[2026-02-15 15:03:27,825: INFO: common: yaml file: config\config.yaml loaded successfully]
[2026-02-15 15:03:27,832: INFO: common: yaml file: params.yaml loaded successfully]
[2026-02-15 15:03:27,836: INFO: common: yaml file: schema.yaml loaded successfully]
[2026-02-15 15:03:27,850: INFO: common: created directory at: artifacts]
[2026-02-15 15:03:27,857: INFO: common: created directory at: artifacts/data_preprocessing]
[2026-02-15 15:03:28,280: INFO: data_preprocessing: Calculating Zipcode frequencies from train set...]
[2026-02-15 15:03:28,337: INFO: data_preprocessing: Saved zipcode frequency pickle to: artifacts/data_preprocessing\zip_counts.pkl]
[2026-02-15 15:03:28,346: INFO: data_preprocessing: Finalizing preprocessing for train dataset...]
[2026-02-15 15:03:29,088: INFO: data_preprocessing: Shape of train after dropping columns: (222892, 39)]
[2026-02-15 15:03:29,098: INFO: data_preprocessing: Finalizing preprocessing for eval dataset...]
[2026-02-15 15:03:29,338: INFO: data_preprocessing: Shape of eval after dropping columns: (74499, 39)]
[2026-02-15 15:03:29,346: INFO: data_preprocessing: Data Preprocessing stage completed successfully.]
[2026-02-15 15:03:29,355: INFO: main: -------------> stage Data Pre Processing Stage completed <------------------]
[2026-02-15 15:04:02,554: INFO: main: -------------> stage Model Trainer Stage started <------------------]
[2026-02-15 15:04:02,564: INFO: common: yaml file: config\config.yaml loaded successfully]
[2026-02-15 15:04:02,566: INFO: common: yaml file: params.yaml loaded successfully]
[2026-02-15 15:04:02,569: INFO: common: yaml file: schema.yaml loaded successfully]
[2026-02-15 15:04:02,570: INFO: common: created directory at: artifacts]
[2026-02-15 15:04:02,571: INFO: common: created directory at: artifacts/model_trainer]
[2026-02-15 15:04:02,720: ERROR: model_trainer: Error in model_trainer: 'utf-8' codec can't decode byte 0xe4 in position 20: invalid continuation byte]
[2026-02-15 15:04:02,733: ERROR: main: 'utf-8' codec can't decode byte 0xe4 in position 20: invalid continuation byte]
Traceback (most recent call last):
  File "D:\End-to-End-Housing-Price-Prediction-Model\main.py", line 14, in <module>
    model_trainer.initiate_model_training()
  File "D:\End-to-End-Housing-Price-Prediction-Model\src\datascience\pipeline\model_trainer_pipeline.py", line 23, in initiate_model_training
    model_trainer.initiate_model_trainer()
  File "D:\End-to-End-Housing-Price-Prediction-Model\src\datascience\components\model_trainer.py", line 86, in initiate_model_trainer
    raise e
  File "D:\End-to-End-Housing-Price-Prediction-Model\src\datascience\components\model_trainer.py", line 25, in initiate_model_trainer
    train_df = pd.read_csv(self.config.train_data_path)
  File "D:\End-to-End-Housing-Price-Prediction-Model\venv\lib\site-packages\pandas\io\parsers\readers.py", line 1026, in read_csv
    return _read(filepath_or_buffer, kwds)
  File "D:\End-to-End-Housing-Price-Prediction-Model\venv\lib\site-packages\pandas\io\parsers\readers.py", line 620, in _read
    parser = TextFileReader(filepath_or_buffer, **kwds)
  File "D:\End-to-End-Housing-Price-Prediction-Model\venv\lib\site-packages\pandas\io\parsers\readers.py", line 1620, in __init__
    self._engine = self._make_engine(f, self.engine)
  File "D:\End-to-End-Housing-Price-Prediction-Model\venv\lib\site-packages\pandas\io\parsers\readers.py", line 1898, in _make_engine
    return mapping[engine](f, **self.options)
  File "D:\End-to-End-Housing-Price-Prediction-Model\venv\lib\site-packages\pandas\io\parsers\c_parser_wrapper.py", line 93, in __init__
    self._reader = parsers.TextReader(src, **kwds)
  File "pandas/_libs/parsers.pyx", line 574, in pandas._libs.parsers.TextReader.__cinit__
  File "pandas/_libs/parsers.pyx", line 663, in pandas._libs.parsers.TextReader._get_header
  File "pandas/_libs/parsers.pyx", line 874, in pandas._libs.parsers.TextReader._tokenize_rows
  File "pandas/_libs/parsers.pyx", line 891, in pandas._libs.parsers.TextReader._check_tokenize_status
  File "pandas/_libs/parsers.pyx", line 2053, in pandas._libs.parsers.raise_parser_error
UnicodeDecodeError: 'utf-8' codec can't decode byte 0xe4 in position 20: invalid continuation byte
[2026-02-15 15:05:26,649: INFO: main: -------------> stage Model Trainer Stage started <------------------]
[2026-02-15 15:05:26,651: INFO: common: yaml file: config\config.yaml loaded successfully]
[2026-02-15 15:05:26,663: INFO: common: yaml file: params.yaml loaded successfully]
[2026-02-15 15:05:26,665: INFO: common: yaml file: schema.yaml loaded successfully]
[2026-02-15 15:05:26,666: INFO: common: created directory at: artifacts]
[2026-02-15 15:05:26,667: INFO: common: created directory at: artifacts/model_trainer]
[2026-02-15 15:05:48,905: INFO: model_trainer: Best model found: XGBRegressor with score: 0.9384836764441801]
[2026-02-15 15:05:49,039: INFO: main: -------------> stage Model Trainer Stage completed <------------------

x==========x]
[2026-02-15 15:06:57,455: INFO: _internal: [31m[1mWARNING: This is a development server. Do not use it in a production deployment. Use a production WSGI server instead.[0m
 * Running on all addresses (0.0.0.0)
 * Running on http://127.0.0.1:8080
 * Running on http://192.168.1.11:8080]
[2026-02-15 15:06:57,520: INFO: _internal: [33mPress CTRL+C to quit[0m]
[2026-02-15 15:06:57,679: INFO: _internal:  * Restarting with watchdog (windowsapi)]
[2026-02-15 15:06:59,771: WARNING: _internal:  * Debugger is active!]
[2026-02-15 15:06:59,819: INFO: _internal:  * Debugger PIN: 116-160-432]
[2026-02-15 15:07:17,015: INFO: _internal: 192.168.1.11 - - [15/Feb/2026 15:07:17] "GET / HTTP/1.1" 200 -]
[2026-02-15 15:07:27,767: INFO: _internal: 192.168.1.11 - - [15/Feb/2026 15:07:27] "GET /predictdata HTTP/1.1" 200 -]
[2026-02-15 15:17:40,203: INFO: main: -------------> stage Data Ingestion Stage started <------------------]
[2026-02-15 15:17:40,205: INFO: common: yaml file: config\config.yaml loaded successfully]
[2026-02-15 15:17:40,209: INFO: common: yaml file: params.yaml loaded successfully]
[2026-02-15 15:17:40,210: INFO: common: yaml file: schema.yaml loaded successfully]
[2026-02-15 15:17:40,210: INFO: common: created directory at: artifacts]
[2026-02-15 15:17:40,210: INFO: common: created directory at: artifacts/data_ingestion]
[2026-02-15 15:17:40,211: ERROR: main: [Errno 2] No such file or directory: 'artifacts/data_ingestion/data.zip']
Traceback (most recent call last):
  File "D:\End-to-End-Housing-Price-Prediction-Model\main.py", line 11, in <module>
    data_ingestion.initiate_data_ingestion()
  File "D:\End-to-End-Housing-Price-Prediction-Model\src\datascience\pipeline\data_ingestion_pipeline.py", line 15, in initiate_data_ingestion
    data_ingestion.extract_zip_file()
  File "D:\End-to-End-Housing-Price-Prediction-Model\src\datascience\components\data_ingestion.py", line 27, in extract_zip_file
    with zipfile.ZipFile(self.config.local_data_file, 'r') as zip_ref:
  File "D:\End-to-End-Housing-Price-Prediction-Model\venv\lib\zipfile.py", line 1240, in __init__
    self.fp = io.open(file, filemode)
FileNotFoundError: [Errno 2] No such file or directory: 'artifacts/data_ingestion/data.zip'
[2026-02-15 15:21:44,383: INFO: main: -------------> stage Data Ingestion Stage started <------------------]
[2026-02-15 15:21:44,393: INFO: common: yaml file: config\config.yaml loaded successfully]
[2026-02-15 15:21:44,395: INFO: common: yaml file: params.yaml loaded successfully]
[2026-02-15 15:21:44,396: INFO: common: yaml file: schema.yaml loaded successfully]
[2026-02-15 15:21:44,397: INFO: common: created directory at: artifacts]
[2026-02-15 15:21:44,397: INFO: common: created directory at: artifacts/data_ingestion]
[2026-02-15 15:21:53,907: INFO: data_ingestion: artifacts/data_ingestion/data.zip downloaded! Info: 
Connection: close
Content-Length: 22828399
Cache-Control: max-age=300
Content-Security-Policy: default-src 'none'; style-src 'unsafe-inline'; sandbox
Content-Type: application/zip
ETag: "d779bca43153a69e1fbe7b2283de005eece7d65dc1b211cc64937ace9ebe97a9"
Strict-Transport-Security: max-age=31536000
X-Content-Type-Options: nosniff
X-Frame-Options: deny
X-XSS-Protection: 1; mode=block
X-GitHub-Request-Id: 866A:22D72E:36DBA6:44424F:69919726
Accept-Ranges: bytes
Date: Sun, 15 Feb 2026 09:51:36 GMT
Via: 1.1 varnish
X-Served-By: cache-del-vibw2260029-DEL
X-Cache: MISS
X-Cache-Hits: 0
X-Timer: S1771149094.284116,VS0,VE2375
Vary: Authorization,Accept-Encoding
Access-Control-Allow-Origin: *
Cross-Origin-Resource-Policy: cross-origin
X-Fastly-Request-ID: eb6264011bcc4c762dfcb0b6f415e58def9087d0
Expires: Sun, 15 Feb 2026 09:56:36 GMT
Source-Age: 2

]
[2026-02-15 15:21:54,140: INFO: data_ingestion: File unzipped into: artifacts/data_ingestion]
[2026-02-15 15:21:54,146: INFO: main: -------------> stage Data Ingestion Stage completed <------------------]
[2026-02-15 16:32:52,360: INFO: main: -------------> stage Data Ingestion Stage started <------------------]
[2026-02-15 16:32:52,400: INFO: common: yaml file: config\config.yaml loaded successfully]
[2026-02-15 16:32:52,426: INFO: common: yaml file: params.yaml loaded successfully]
[2026-02-15 16:32:52,427: INFO: common: yaml file: schema.yaml loaded successfully]
[2026-02-15 16:32:52,439: INFO: common: created directory at: artifacts]
[2026-02-15 16:32:52,439: INFO: common: created directory at: artifacts/data_ingestion]
[2026-02-15 16:32:52,440: INFO: data_ingestion: File already exists at: artifacts/data_ingestion/data.zip]
[2026-02-15 16:32:52,915: INFO: data_ingestion: File unzipped into: artifacts/data_ingestion]
[2026-02-15 16:32:52,916: INFO: main: -------------> stage Data Ingestion Stage completed <------------------]
[2026-02-15 16:34:06,443: INFO: main: -------------> stage Data Ingestion Stage started <------------------]
[2026-02-15 16:34:06,447: INFO: common: yaml file: config\config.yaml loaded successfully]
[2026-02-15 16:34:06,448: INFO: common: yaml file: params.yaml loaded successfully]
[2026-02-15 16:34:06,449: INFO: common: yaml file: schema.yaml loaded successfully]
[2026-02-15 16:34:06,449: INFO: common: created directory at: artifacts]
[2026-02-15 16:34:06,450: INFO: common: created directory at: artifacts/data_ingestion]
[2026-02-15 16:34:06,450: INFO: data_ingestion: File already exists at: artifacts/data_ingestion/data.zip]
[2026-02-15 16:34:06,541: INFO: data_ingestion: File unzipped into: artifacts/data_ingestion]
[2026-02-15 16:34:06,541: INFO: main: -------------> stage Data Ingestion Stage completed <------------------]
